=========================================
L(p,q)-COLORING - DCC059 Teoria dos Grafos
=========================================
Instancia: instancias\david.col
Parametros: p=2, q=1
Semente: 1
Grafo com 87 vertices
Arestas: 812
Tempo carregamento: 0.0006865s

Executando algoritmo GULOSO RANDOMIZADO REATIVO...
Iteracoes total: 300, Bloco: 30

Verificando coloracao...
Coloracao VALIDA!

========== RESULTADOS ==========
Maior cor usada: 84
Tempo execucao: 2.89348s
Melhor alpha encontrado: 0.9

Coloracao salva em 'coloracao.txt'
Resultados salvos em 'resultados.csv'
=========================================
