=========================================
L(p,q)-COLORING - DCC059 Teoria dos Grafos
=========================================
Instancia: instancias\anna.col
Parametros: p=2, q=1
Semente: 4
Grafo com 138 vertices
Arestas: 986
Tempo carregamento: 0.0008217s

Executando algoritmo GULOSO RANDOMIZADO REATIVO...
Iteracoes total: 300, Bloco: 30

Verificando coloracao...
Coloracao VALIDA!

========== RESULTADOS ==========
Maior cor usada: 73
Tempo execucao: 3.19976s
Melhor alpha encontrado: 0.3

Coloracao salva em 'coloracao.txt'
Resultados salvos em 'resultados.csv'
=========================================
