=========================================
L(p,q)-COLORING - DCC059 Teoria dos Grafos
=========================================
Instancia: instancias\huck.col
Parametros: p=2, q=1
Semente: 3
Grafo com 74 vertices
Arestas: 602
Tempo carregamento: 0.0011455s

Executando algoritmo GULOSO RANDOMIZADO REATIVO...
Iteracoes total: 300, Bloco: 30

Verificando coloracao...
Coloracao VALIDA!

========== RESULTADOS ==========
Maior cor usada: 55
Tempo execucao: 0.679099s
Melhor alpha encontrado: 0.1

Coloracao salva em 'coloracao.txt'
Resultados salvos em 'resultados.csv'
=========================================
