=========================================
L(p,q)-COLORING - DCC059 Teoria dos Grafos
=========================================
Instancia: instancias\zeroin.i.1.col
Parametros: p=2, q=1
Semente: 9
Grafo com 211 vertices
Arestas: 4100
Tempo carregamento: 0.0049178s

Executando algoritmo GULOSO RANDOMIZADO REATIVO...
Iteracoes total: 300, Bloco: 30

Verificando coloracao...
Coloracao VALIDA!

========== RESULTADOS ==========
Maior cor usada: 145
Tempo execucao: 7.24104s
Melhor alpha encontrado: 0.5

Coloracao salva em 'coloracao.txt'
Resultados salvos em 'resultados.csv'
=========================================
