=========================================
L(p,q)-COLORING - DCC059 Teoria dos Grafos
=========================================
Instancia: instancias\homer.col
Parametros: p=2, q=1
Semente: 1
Grafo com 561 vertices
Arestas: 3256
Tempo carregamento: 0.0060539s

Executando algoritmo GULOSO RANDOMIZADO REATIVO...
Iteracoes total: 300, Bloco: 30

Verificando coloracao...
Coloracao VALIDA!

========== RESULTADOS ==========
Maior cor usada: 101
Tempo execucao: 52.0477s
Melhor alpha encontrado: 0.9

Coloracao salva em 'coloracao.txt'
Resultados salvos em 'resultados.csv'
=========================================
