=========================================
L(p,q)-COLORING - DCC059 Teoria dos Grafos
=========================================
Instancia: instancias\mulsol.i.1.col
Parametros: p=2, q=1
Semente: 7
Grafo com 197 vertices
Arestas: 3925
Tempo carregamento: 0.0056445s

Executando algoritmo GULOSO RANDOMIZADO REATIVO...
Iteracoes total: 300, Bloco: 30

Verificando coloracao...
Coloracao VALIDA!

========== RESULTADOS ==========
Maior cor usada: 138
Tempo execucao: 8.50052s
Melhor alpha encontrado: 0.7

Coloracao salva em 'coloracao.txt'
Resultados salvos em 'resultados.csv'
=========================================
