=========================================
L(p,q)-COLORING - DCC059 Teoria dos Grafos
=========================================
Instancia: instancias\mulsol.i.1.col
Parametros: p=2, q=1
Semente: 5
Grafo com 197 vertices
Arestas: 3925
Tempo carregamento: 0.0044944s

Executando algoritmo GULOSO RANDOMIZADO REATIVO...
Iteracoes total: 300, Bloco: 30

Verificando coloracao...
Coloracao VALIDA!

========== RESULTADOS ==========
Maior cor usada: 138
Tempo execucao: 10.196s
Melhor alpha encontrado: 0.1

Coloracao salva em 'coloracao.txt'
Resultados salvos em 'resultados.csv'
=========================================
